::1 - - [20/Oct/2016:14:38:30 +0000] "GET /members/newMember HTTP/1.1" 200 1544 "-" "Mozilla/5.0 (Windows NT 10.0; WOW64) AppleWebKit/537.36 (KHTML, like Gecko) Chrome/53.0.2785.143 Safari/537.36"
::1 - - [20/Oct/2016:15:00:50 +0000] "GET /members/newMember HTTP/1.1" 200 1548 "-" "Mozilla/5.0 (Windows NT 10.0; WOW64) AppleWebKit/537.36 (KHTML, like Gecko) Chrome/53.0.2785.143 Safari/537.36"
::1 - - [21/Oct/2016:11:15:01 +0000] "GET / HTTP/1.1" 304 - "-" "Mozilla/5.0 (Windows NT 10.0; WOW64) AppleWebKit/537.36 (KHTML, like Gecko) Chrome/53.0.2785.143 Safari/537.36"
::1 - - [21/Oct/2016:11:15:02 +0000] "GET /favicon.ico HTTP/1.1" 404 24 "http://localhost:7777/" "Mozilla/5.0 (Windows NT 10.0; WOW64) AppleWebKit/537.36 (KHTML, like Gecko) Chrome/53.0.2785.143 Safari/537.36"
::1 - - [21/Oct/2016:11:15:07 +0000] "GET /members/newMember HTTP/1.1" 200 4618 "-" "Mozilla/5.0 (Windows NT 10.0; WOW64) AppleWebKit/537.36 (KHTML, like Gecko) Chrome/53.0.2785.143 Safari/537.36"
::1 - - [21/Oct/2016:11:15:08 +0000] "GET /members/common.css HTTP/1.1" 404 31 "http://localhost:7777/members/newMember" "Mozilla/5.0 (Windows NT 10.0; WOW64) AppleWebKit/537.36 (KHTML, like Gecko) Chrome/53.0.2785.143 Safari/537.36"
::1 - - [21/Oct/2016:11:15:30 +0000] "GET /members/newMember HTTP/1.1" 304 - "-" "Mozilla/5.0 (Windows NT 10.0; WOW64) AppleWebKit/537.36 (KHTML, like Gecko) Chrome/53.0.2785.143 Safari/537.36"
::1 - - [21/Oct/2016:11:15:30 +0000] "GET /members/common.css HTTP/1.1" 404 31 "http://localhost:7777/members/newMember" "Mozilla/5.0 (Windows NT 10.0; WOW64) AppleWebKit/537.36 (KHTML, like Gecko) Chrome/53.0.2785.143 Safari/537.36"
::1 - - [21/Oct/2016:11:15:30 +0000] "GET /members/common.css HTTP/1.1" 404 31 "http://localhost:7777/members/newMember" "Mozilla/5.0 (Windows NT 10.0; WOW64) AppleWebKit/537.36 (KHTML, like Gecko) Chrome/53.0.2785.143 Safari/537.36"
::1 - - [21/Oct/2016:11:15:45 +0000] "GET /members/newMember HTTP/1.1" 304 - "-" "Mozilla/5.0 (Windows NT 10.0; WOW64) AppleWebKit/537.36 (KHTML, like Gecko) Chrome/53.0.2785.143 Safari/537.36"
::1 - - [21/Oct/2016:11:15:45 +0000] "GET /members/common.css HTTP/1.1" 404 31 "http://localhost:7777/members/newMember" "Mozilla/5.0 (Windows NT 10.0; WOW64) AppleWebKit/537.36 (KHTML, like Gecko) Chrome/53.0.2785.143 Safari/537.36"
::1 - - [21/Oct/2016:11:22:37 +0000] "GET /members/newMember HTTP/1.1" 200 4600 "-" "Mozilla/5.0 (Windows NT 10.0; WOW64) AppleWebKit/537.36 (KHTML, like Gecko) Chrome/53.0.2785.143 Safari/537.36"
::1 - - [21/Oct/2016:11:22:37 +0000] "GET /members/common.css HTTP/1.1" 404 31 "http://localhost:7777/members/newMember" "Mozilla/5.0 (Windows NT 10.0; WOW64) AppleWebKit/537.36 (KHTML, like Gecko) Chrome/53.0.2785.143 Safari/537.36"
::1 - - [21/Oct/2016:11:22:37 +0000] "GET /members/common.css HTTP/1.1" 404 31 "http://localhost:7777/members/newMember" "Mozilla/5.0 (Windows NT 10.0; WOW64) AppleWebKit/537.36 (KHTML, like Gecko) Chrome/53.0.2785.143 Safari/537.36"
::1 - - [21/Oct/2016:11:23:31 +0000] "GET /members/newMember HTTP/1.1" 200 4607 "-" "Mozilla/5.0 (Windows NT 10.0; WOW64) AppleWebKit/537.36 (KHTML, like Gecko) Chrome/53.0.2785.143 Safari/537.36"
::1 - - [21/Oct/2016:11:23:31 +0000] "GET /css/common.css HTTP/1.1" 200 814 "http://localhost:7777/members/newMember" "Mozilla/5.0 (Windows NT 10.0; WOW64) AppleWebKit/537.36 (KHTML, like Gecko) Chrome/53.0.2785.143 Safari/537.36"
::1 - - [21/Oct/2016:11:28:00 +0000] "GET /members/newMember HTTP/1.1" 304 - "-" "Mozilla/5.0 (Windows NT 10.0; WOW64) AppleWebKit/537.36 (KHTML, like Gecko) Chrome/53.0.2785.143 Safari/537.36"
::1 - - [21/Oct/2016:11:28:00 +0000] "GET /css/common.css HTTP/1.1" 304 - "http://localhost:7777/members/newMember" "Mozilla/5.0 (Windows NT 10.0; WOW64) AppleWebKit/537.36 (KHTML, like Gecko) Chrome/53.0.2785.143 Safari/537.36"
::1 - - [21/Oct/2016:11:28:05 +0000] "GET /members/newMember HTTP/1.1" 304 - "-" "Mozilla/5.0 (Windows NT 10.0; WOW64) AppleWebKit/537.36 (KHTML, like Gecko) Chrome/53.0.2785.143 Safari/537.36"
::1 - - [21/Oct/2016:11:28:05 +0000] "GET /css/common.css HTTP/1.1" 304 - "http://localhost:7777/members/newMember" "Mozilla/5.0 (Windows NT 10.0; WOW64) AppleWebKit/537.36 (KHTML, like Gecko) Chrome/53.0.2785.143 Safari/537.36"
::ffff:93.174.93.136 - - [21/Oct/2016:11:29:29 +0000] "GET http://www.baidu.com/cache/global/img/gs.gif HTTP/1.1" 404 56 "-" "Mozilla"
::1 - - [21/Oct/2016:11:31:47 +0000] "GET /members/newMember HTTP/1.1" 200 4166 "-" "Mozilla/5.0 (Windows NT 10.0; WOW64) AppleWebKit/537.36 (KHTML, like Gecko) Chrome/53.0.2785.143 Safari/537.36"
::1 - - [21/Oct/2016:11:31:47 +0000] "GET /css/common.css HTTP/1.1" 304 - "http://localhost:7777/members/newMember" "Mozilla/5.0 (Windows NT 10.0; WOW64) AppleWebKit/537.36 (KHTML, like Gecko) Chrome/53.0.2785.143 Safari/537.36"
::1 - - [21/Oct/2016:11:50:06 +0000] "GET /members/newMember HTTP/1.1" 304 - "-" "Mozilla/5.0 (Windows NT 10.0; WOW64) AppleWebKit/537.36 (KHTML, like Gecko) Chrome/53.0.2785.143 Safari/537.36"
::1 - - [21/Oct/2016:11:50:06 +0000] "GET /css/common.css HTTP/1.1" 304 - "http://localhost:7777/members/newMember" "Mozilla/5.0 (Windows NT 10.0; WOW64) AppleWebKit/537.36 (KHTML, like Gecko) Chrome/53.0.2785.143 Safari/537.36"
::1 - - [21/Oct/2016:11:50:09 +0000] "GET /members/newMember HTTP/1.1" 304 - "-" "Mozilla/5.0 (Windows NT 10.0; WOW64) AppleWebKit/537.36 (KHTML, like Gecko) Chrome/53.0.2785.143 Safari/537.36"
::1 - - [21/Oct/2016:11:50:09 +0000] "GET /css/common.css HTTP/1.1" 304 - "http://localhost:7777/members/newMember" "Mozilla/5.0 (Windows NT 10.0; WOW64) AppleWebKit/537.36 (KHTML, like Gecko) Chrome/53.0.2785.143 Safari/537.36"
::1 - - [21/Oct/2016:11:50:37 +0000] "GET /members/newMember HTTP/1.1" 304 - "-" "Mozilla/5.0 (Windows NT 10.0; WOW64) AppleWebKit/537.36 (KHTML, like Gecko) Chrome/53.0.2785.143 Safari/537.36"
::1 - - [21/Oct/2016:11:50:37 +0000] "GET /css/common.css HTTP/1.1" 304 - "http://localhost:7777/members/newMember" "Mozilla/5.0 (Windows NT 10.0; WOW64) AppleWebKit/537.36 (KHTML, like Gecko) Chrome/53.0.2785.143 Safari/537.36"
<<<<<<< HEAD
::ffff:211.221.112.119 - - [22/Oct/2016:16:42:14 +0000] "GET / HTTP/1.1" 200 1395 "-" "Mozilla/5.0 (Windows NT 10.0; WOW64) AppleWebKit/537.36 (KHTML, like Gecko) Chrome/54.0.2840.71 Safari/537.36"
::ffff:211.221.112.119 - - [22/Oct/2016:16:42:14 +0000] "GET /css/common.css HTTP/1.1" 200 814 "http://ec2-52-78-49-178.ap-northeast-2.compute.amazonaws.com:7777/" "Mozilla/5.0 (Windows NT 10.0; WOW64) AppleWebKit/537.36 (KHTML, like Gecko) Chrome/54.0.2840.71 Safari/537.36"
::ffff:211.221.112.119 - - [22/Oct/2016:16:42:33 +0000] "GET /members/newMember HTTP/1.1" 200 4057 "-" "Mozilla/5.0 (Windows NT 10.0; WOW64) AppleWebKit/537.36 (KHTML, like Gecko) Chrome/54.0.2840.71 Safari/537.36"
::ffff:211.221.112.119 - - [22/Oct/2016:16:42:33 +0000] "GET /css/common.css HTTP/1.1" 304 - "http://ec2-52-78-49-178.ap-northeast-2.compute.amazonaws.com:7777/members/newMember" "Mozilla/5.0 (Windows NT 10.0; WOW64) AppleWebKit/537.36 (KHTML, like Gecko) Chrome/54.0.2840.71 Safari/537.36"
::ffff:211.221.112.119 - - [22/Oct/2016:16:43:22 +0000] "GET / HTTP/1.1" 200 819 "-" "Mozilla/5.0 (Windows NT 10.0; WOW64) AppleWebKit/537.36 (KHTML, like Gecko) Chrome/54.0.2840.71 Safari/537.36"
::ffff:211.221.112.119 - - [22/Oct/2016:16:43:22 +0000] "GET /css/common.css HTTP/1.1" 304 - "http://ec2-52-78-49-178.ap-northeast-2.compute.amazonaws.com:7777/" "Mozilla/5.0 (Windows NT 10.0; WOW64) AppleWebKit/537.36 (KHTML, like Gecko) Chrome/54.0.2840.71 Safari/537.36"
::ffff:211.221.112.119 - - [22/Oct/2016:16:43:34 +0000] "GET /members/newMember HTTP/1.1" 304 - "-" "Mozilla/5.0 (Windows NT 10.0; WOW64) AppleWebKit/537.36 (KHTML, like Gecko) Chrome/54.0.2840.71 Safari/537.36"
::ffff:211.221.112.119 - - [22/Oct/2016:16:43:34 +0000] "GET /css/common.css HTTP/1.1" 304 - "http://ec2-52-78-49-178.ap-northeast-2.compute.amazonaws.com:7777/members/newMember" "Mozilla/5.0 (Windows NT 10.0; WOW64) AppleWebKit/537.36 (KHTML, like Gecko) Chrome/54.0.2840.71 Safari/537.36"
::ffff:94.102.49.174 - - [23/Oct/2016:04:18:21 +0000] "GET http://www.baidu.com/cache/global/img/gs.gif HTTP/1.1" 404 56 "-" "Mozilla"
::ffff:93.174.93.136 - - [23/Oct/2016:04:35:59 +0000] "GET http://www.baidu.com/cache/global/img/gs.gif HTTP/1.1" 404 56 "-" "Mozilla"
::ffff:66.102.6.114 - - [23/Oct/2016:11:44:01 +0000] "GET / HTTP/1.1" 200 819 "-" "Mozilla/5.0 (X11; Linux x86_64) AppleWebKit/537.36 (KHTML, like Gecko) Chrome/49.0.2623.75 Safari/537.36 Google Favicon"
::ffff:66.102.6.116 - - [23/Oct/2016:11:44:02 +0000] "GET /favicon.ico HTTP/1.1" 404 24 "-" "Mozilla/5.0 (X11; Linux x86_64) AppleWebKit/537.36 (KHTML, like Gecko) Chrome/49.0.2623.75 Safari/537.36 Google Favicon"
::ffff:93.174.93.136 - - [24/Oct/2016:09:00:41 +0000] "GET http://www.baidu.com/cache/global/img/gs.gif HTTP/1.1" 404 56 "-" "Mozilla"
::ffff:94.102.49.174 - - [24/Oct/2016:20:34:50 +0000] "GET http://www.baidu.com/cache/global/img/gs.gif HTTP/1.1" 404 56 "-" "Mozilla"
::ffff:66.102.6.114 - - [25/Oct/2016:09:02:53 +0000] "GET / HTTP/1.1" 200 819 "-" "Mozilla/5.0 (X11; Linux x86_64) AppleWebKit/537.36 (KHTML, like Gecko) Chrome/49.0.2623.75 Safari/537.36 Google Favicon"
::ffff:66.102.6.116 - - [25/Oct/2016:09:02:53 +0000] "GET /favicon.ico HTTP/1.1" 404 24 "-" "Mozilla/5.0 (X11; Linux x86_64) AppleWebKit/537.36 (KHTML, like Gecko) Chrome/49.0.2623.75 Safari/537.36 Google Favicon"
::ffff:66.102.6.112 - - [25/Oct/2016:12:17:39 +0000] "GET /favicon.ico HTTP/1.1" 404 24 "-" "Mozilla/5.0 (X11; Linux x86_64) AppleWebKit/537.36 (KHTML, like Gecko) Chrome/49.0.2623.75 Safari/537.36 Google Favicon"
::ffff:113.243.45.222 - - [25/Oct/2016:12:36:42 +0000] "POST /goform/formLogin HTTP/1.1" 404 30 "-" "-"
::ffff:93.174.93.136 - - [25/Oct/2016:13:27:03 +0000] "GET http://www.baidu.com/cache/global/img/gs.gif HTTP/1.1" 404 56 "-" "Mozilla"
::ffff:66.102.6.114 - - [26/Oct/2016:12:32:32 +0000] "GET / HTTP/1.1" 200 819 "-" "Mozilla/5.0 (X11; Linux x86_64) AppleWebKit/537.36 (KHTML, like Gecko) Chrome/49.0.2623.75 Safari/537.36 Google Favicon"
::ffff:66.102.6.114 - - [26/Oct/2016:12:32:32 +0000] "GET /favicon.ico HTTP/1.1" 404 24 "-" "Mozilla/5.0 (X11; Linux x86_64) AppleWebKit/537.36 (KHTML, like Gecko) Chrome/49.0.2623.75 Safari/537.36 Google Favicon"
::ffff:94.102.49.174 - - [26/Oct/2016:12:52:33 +0000] "GET http://www.baidu.com/cache/global/img/gs.gif HTTP/1.1" 404 56 "-" "Mozilla"
::ffff:93.174.93.136 - - [26/Oct/2016:17:54:54 +0000] "GET http://www.baidu.com/cache/global/img/gs.gif HTTP/1.1" 404 56 "-" "Mozilla"
::ffff:43.241.223.210 - - [26/Oct/2016:19:37:52 +0000] "GET http://www.baidu.com/favicon.ico HTTP/1.1" 404 44 "-" "Mozilla/5.0 (Macintosh; Intel Mac OS X 10_11_6) AppleWebKit/537.36 (KHTML, like Gecko) Chrome/53.0.2785.116 Safari/537.36"
::ffff:66.102.6.112 - - [27/Oct/2016:10:55:39 +0000] "GET / HTTP/1.1" 200 819 "-" "Mozilla/5.0 (X11; Linux x86_64) AppleWebKit/537.36 (KHTML, like Gecko) Chrome/49.0.2623.75 Safari/537.36 Google Favicon"
::ffff:66.102.6.114 - - [27/Oct/2016:10:55:40 +0000] "GET /favicon.ico HTTP/1.1" 404 24 "-" "Mozilla/5.0 (X11; Linux x86_64) AppleWebKit/537.36 (KHTML, like Gecko) Chrome/49.0.2623.75 Safari/537.36 Google Favicon"
=======
::1 - - [23/Oct/2016:13:49:33 +0000] "GET / HTTP/1.1" 200 1451 "-" "Mozilla/5.0 (Windows NT 10.0; WOW64) AppleWebKit/537.36 (KHTML, like Gecko) Chrome/54.0.2840.71 Safari/537.36"
::1 - - [23/Oct/2016:13:49:33 +0000] "GET /css/common.css HTTP/1.1" 304 - "http://localhost:7777/" "Mozilla/5.0 (Windows NT 10.0; WOW64) AppleWebKit/537.36 (KHTML, like Gecko) Chrome/54.0.2840.71 Safari/537.36"
::1 - - [23/Oct/2016:13:49:33 +0000] "GET /favicon.ico HTTP/1.1" 404 24 "http://localhost:7777/" "Mozilla/5.0 (Windows NT 10.0; WOW64) AppleWebKit/537.36 (KHTML, like Gecko) Chrome/54.0.2840.71 Safari/537.36"
::1 - - [23/Oct/2016:13:50:10 +0000] "GET / HTTP/1.1" 200 862 "-" "Mozilla/5.0 (Windows NT 10.0; WOW64) AppleWebKit/537.36 (KHTML, like Gecko) Chrome/54.0.2840.71 Safari/537.36"
::1 - - [23/Oct/2016:13:50:10 +0000] "GET /css/common.css HTTP/1.1" 304 - "http://localhost:7777/" "Mozilla/5.0 (Windows NT 10.0; WOW64) AppleWebKit/537.36 (KHTML, like Gecko) Chrome/54.0.2840.71 Safari/537.36"
::1 - - [23/Oct/2016:13:50:17 +0000] "GET /auth/login HTTP/1.1" 404 23 "-" "Mozilla/5.0 (Windows NT 10.0; WOW64) AppleWebKit/537.36 (KHTML, like Gecko) Chrome/54.0.2840.71 Safari/537.36"
::1 - - [23/Oct/2016:13:52:05 +0000] "GET /auth/login/ HTTP/1.1" 404 24 "-" "Mozilla/5.0 (Windows NT 10.0; WOW64) AppleWebKit/537.36 (KHTML, like Gecko) Chrome/54.0.2840.71 Safari/537.36"
debug
debug
debug
debug
debug
debug
debug
debug
debug
debug
debug
debug
debug
debug
debug
debug
debug
debug
debug
debug
debug
debug
debug
debug
debug
debug
debug
debug
debug
debug
debug
debug
debug
debug
debug
debug
debug
debug
debug
debug
debug
debug
debug
debug
debug
debug
debug
debug
debug
debug
debug
debug
debug
debug
debug
debug
debug
debug
debug
debug
debug
debug
debug
debug
debug
debug
debug
debug
debug
debug
debug
debug
debug
debug
debug
debug
debug
debug
debug
debug
debug
debug
debug
debug
debug
debug
debug
debug
debug
debug
debug
debug
debug
debug
debug
debug
debug
debug
debug
debug
debug
debug
debug
debug
debug
debug
debug
debug
debug
debug
debug
debug
debug
debug
debug
debug
debug
debug
debug
debug
debug
debug
debug
debug
debug
debug
debug
debug
debug
debug
debug
debug
debug
debug
debug
debug
debug
debug
debug
debug
debug
debug
debug
debug
debug
debug
debug
debug
debug
debug
debug
debug
debug
debug
debug
debug
debug
debug
debug
debug
debug
debug
debug
debug
debug
debug
debug
debug
debug
debug
debug
debug
debug
debug
debug
debug
debug
debug
debug
debug
debug
debug
debug
debug
debug
debug
debug
debug
debug
debug
debug
debug
debug
debug
debug
debug
debug
debug
debug
debug
debug
debug
debug
debug
debug
debug
debug
debug
debug
debug
debug
debug
debug
debug
debug
debug
debug
debug
debug
debug
debug
debug
debug
debug
debug
debug
debug
debug
debug
debug
debug
debug
debug
debug
debug
debug
debug
debug
debug
debug
debug
debug
debug
debug
debug
debug
debug
debug
debug
debug
debug
debug
debug
debug
debug
debug
debug
debug
debug
debug
debug
debug
debug
debug
debug
debug
debug
debug
debug
debug
debug
debug
debug
debug
debug
debug
debug
debug
debug
debug
debug
debug
debug
debug
debug
debug
debug
debug
debug
debug
debug
debug
debug
debug
debug
debug
debug
debug
debug
debug
debug
debug
debug
debug
debug
debug
debug
debug
debug
debug
debug
debug
debug
debug
debug
debug
debug
debug
debug
debug
debug
debug
debug
debug
debug
debug
debug
debug
debug
debug
debug
debug
debug
debug
debug
debug
debug
debug
debug
debug
debug
debug
debug
debug
debug
debug
debug
debug
debug
debug
debug
debug
debug
debug
debug
debug
debug
debug
debug
debug
debug
debug
debug
debug
debug
debug
debug
debug
debug
debug
debug
debug
debug
debug
debug
debug
debug
debug
debug
debug
debug
debug
debug
debug
debug
debug
debug
debug
debug
debug
debug
debug
debug
debug
debug
debug
debug
debug
debug
debug
debug
debug
debug
debug
debug
debug
debug
debug
debug
debug
debug
debug
debug
debug
debug
debug
debug
debug
debug
debug
debug
debug
<<<<<<< HEAD
>>>>>>> a90aadbe3e2e106e862dfb3f2ddad838c9342b58
=======
debug
debug
debug
debug
debug
debug
debug
debug
debug
debug
debug
debug
debug
debug
debug
debug
debug
debug
debug
debug
debug
debug
debug
debug
debug
debug
debug
debug
debug
debug
debug
debug
debug
debug
debug
debug
debug
debug
debug
debug
debug
debug
debug
debug
debug
debug
debug
debug
debug
debug
debug
debug
debug
debug
debug
debug
debug
debug
debug
debug
debug
debug
debug
debug
debug
debug
debug
debug
debug
debug
debug
debug
debug
debug
debug
debug
debug
debug
debug
debug
debug
debug
debug
debug
debug
debug
debug
>>>>>>> f0e24567516b85983985449e559a4a48db33a0d9
debug
debug
debug
debug
debug
debug
debug
debug
debug
debug
